current directory: /Users/sasipriyasakamuri/projects/ruby/ztm/.bundle /ruby/3.1.0/gems/date-3.3.3/ext/date
/Users/sasipriyasakamuri/.rvm/rubies/ruby-3.1.2/bin/ruby -I /Users/sasipriyasakamuri/.rvm/rubies/ruby-3.1.2/lib/ruby/site_ruby/3.1.0 extconf.rb
checking for rb_category_warn()... yes
checking for timezone in time.h with  -Werror... yes
checking for altzone in time.h with  -Werror... no
creating Makefile

current directory: /Users/sasipriyasakamuri/projects/ruby/ztm/.bundle /ruby/3.1.0/gems/date-3.3.3/ext/date
make DESTDIR\= sitearchdir\=./.gem.20230304-17360-30fmuv sitelibdir\=./.gem.20230304-17360-30fmuv clean

current directory: /Users/sasipriyasakamuri/projects/ruby/ztm/.bundle /ruby/3.1.0/gems/date-3.3.3/ext/date
make DESTDIR\= sitearchdir\=./.gem.20230304-17360-30fmuv sitelibdir\=./.gem.20230304-17360-30fmuv
compiling date_core.c
compiling date_parse.c
compiling date_strftime.c
compiling date_strptime.c
linking shared-object date_core.bundle

current directory: /Users/sasipriyasakamuri/projects/ruby/ztm/.bundle /ruby/3.1.0/gems/date-3.3.3/ext/date
make DESTDIR\= sitearchdir\=./.gem.20230304-17360-30fmuv sitelibdir\=./.gem.20230304-17360-30fmuv install
/opt/homebrew/opt/coreutils/bin/ginstall -c -m 0755 date_core.bundle ./.gem.20230304-17360-30fmuv

current directory: /Users/sasipriyasakamuri/projects/ruby/ztm/.bundle /ruby/3.1.0/gems/date-3.3.3/ext/date
make DESTDIR\= sitearchdir\=./.gem.20230304-17360-30fmuv sitelibdir\=./.gem.20230304-17360-30fmuv clean
